mode: atomic
github.com/ZergsLaw/back-template/cmd/session/client/client.go:35.119,44.16 4 17
github.com/ZergsLaw/back-template/cmd/session/client/client.go:44.16,46.3 1 0
github.com/ZergsLaw/back-template/cmd/session/client/client.go:48.2,48.65 1 17
github.com/ZergsLaw/back-template/cmd/session/client/client.go:71.19,78.16 2 5
github.com/ZergsLaw/back-template/cmd/session/client/client.go:78.16,80.3 1 4
github.com/ZergsLaw/back-template/cmd/session/client/client.go:82.2,82.38 1 1
github.com/ZergsLaw/back-template/cmd/session/client/client.go:86.75,90.16 2 6
github.com/ZergsLaw/back-template/cmd/session/client/client.go:90.16,92.3 1 5
github.com/ZergsLaw/back-template/cmd/session/client/client.go:94.2,95.16 2 1
github.com/ZergsLaw/back-template/cmd/session/client/client.go:95.16,97.3 1 0
github.com/ZergsLaw/back-template/cmd/session/client/client.go:99.2,100.16 2 1
github.com/ZergsLaw/back-template/cmd/session/client/client.go:100.16,102.3 1 0
github.com/ZergsLaw/back-template/cmd/session/client/client.go:104.2,108.8 1 1
github.com/ZergsLaw/back-template/cmd/session/client/client.go:112.73,116.16 2 6
github.com/ZergsLaw/back-template/cmd/session/client/client.go:116.16,118.3 1 5
github.com/ZergsLaw/back-template/cmd/session/client/client.go:120.2,120.12 1 1
github.com/ZergsLaw/back-template/cmd/session/client/client.go:123.36,124.9 1 14
github.com/ZergsLaw/back-template/cmd/session/client/client.go:125.42,126.48 1 2
github.com/ZergsLaw/back-template/cmd/session/client/client.go:127.50,128.61 1 3
github.com/ZergsLaw/back-template/cmd/session/client/client.go:129.42,130.53 1 3
github.com/ZergsLaw/back-template/cmd/session/client/client.go:131.49,132.55 1 3
github.com/ZergsLaw/back-template/cmd/session/client/client.go:133.10,135.10 2 3
github.com/ZergsLaw/back-template/cmd/session/client/client.go:135.10,137.4 1 0
github.com/ZergsLaw/back-template/cmd/session/client/client.go:139.3,139.57 1 3
github.com/ZergsLaw/back-template/cmd/session/internal/app/app.go:13.47,20.2 1 10
github.com/ZergsLaw/back-template/cmd/session/internal/app/handlers.go:13.119,16.16 3 3
github.com/ZergsLaw/back-template/cmd/session/internal/app/handlers.go:16.16,18.3 1 1
github.com/ZergsLaw/back-template/cmd/session/internal/app/handlers.go:20.2,29.16 3 2
github.com/ZergsLaw/back-template/cmd/session/internal/app/handlers.go:29.16,31.3 1 1
github.com/ZergsLaw/back-template/cmd/session/internal/app/handlers.go:33.2,33.19 1 1
github.com/ZergsLaw/back-template/cmd/session/internal/app/handlers.go:37.76,39.16 2 3
github.com/ZergsLaw/back-template/cmd/session/internal/app/handlers.go:39.16,41.3 1 1
github.com/ZergsLaw/back-template/cmd/session/internal/app/handlers.go:43.2,44.16 2 2
github.com/ZergsLaw/back-template/cmd/session/internal/app/handlers.go:44.16,46.3 1 1
github.com/ZergsLaw/back-template/cmd/session/internal/app/handlers.go:48.2,48.21 1 1
github.com/ZergsLaw/back-template/cmd/session/internal/app/handlers.go:52.70,54.16 2 3
github.com/ZergsLaw/back-template/cmd/session/internal/app/handlers.go:54.16,56.3 1 1
github.com/ZergsLaw/back-template/cmd/session/internal/app/handlers.go:58.2,58.42 1 2
github.com/ZergsLaw/back-template/cmd/session/internal/app/process.go:13.50,16.6 2 1
github.com/ZergsLaw/back-template/cmd/session/internal/app/process.go:16.6,18.10 2 3
github.com/ZergsLaw/back-template/cmd/session/internal/app/process.go:19.21,20.14 1 1
github.com/ZergsLaw/back-template/cmd/session/internal/app/process.go:21.43,22.40 1 2
github.com/ZergsLaw/back-template/cmd/session/internal/app/process.go:24.3,24.17 1 2
github.com/ZergsLaw/back-template/cmd/session/internal/app/process.go:24.17,27.12 2 1
github.com/ZergsLaw/back-template/cmd/session/internal/app/process.go:32.92,34.9 2 2
github.com/ZergsLaw/back-template/cmd/session/internal/app/process.go:35.36,35.36 0 0
github.com/ZergsLaw/back-template/cmd/session/internal/app/process.go:37.18,40.55 2 1
github.com/ZergsLaw/back-template/cmd/session/internal/app/process.go:43.2,45.12 2 1
github.com/ZergsLaw/back-template/cmd/session/internal/api/grpc.go:35.124,49.2 7 7
github.com/ZergsLaw/back-template/cmd/session/internal/api/grpc.go:51.41,52.16 1 4
github.com/ZergsLaw/back-template/cmd/session/internal/api/grpc.go:52.16,54.3 1 0
github.com/ZergsLaw/back-template/cmd/session/internal/api/grpc.go:56.2,57.9 2 4
github.com/ZergsLaw/back-template/cmd/session/internal/api/grpc.go:58.39,59.24 1 1
github.com/ZergsLaw/back-template/cmd/session/internal/api/grpc.go:60.43,61.31 1 0
github.com/ZergsLaw/back-template/cmd/session/internal/api/grpc.go:62.48,63.32 1 0
github.com/ZergsLaw/back-template/cmd/session/internal/api/grpc.go:64.40,65.24 1 0
github.com/ZergsLaw/back-template/cmd/session/internal/api/grpc.go:68.2,68.38 1 4
github.com/ZergsLaw/back-template/cmd/session/internal/api/handlers.go:16.92,18.16 2 2
github.com/ZergsLaw/back-template/cmd/session/internal/api/handlers.go:18.16,20.3 1 0
github.com/ZergsLaw/back-template/cmd/session/internal/api/handlers.go:22.2,26.16 2 2
github.com/ZergsLaw/back-template/cmd/session/internal/api/handlers.go:26.16,28.3 1 1
github.com/ZergsLaw/back-template/cmd/session/internal/api/handlers.go:30.2,30.50 1 1
github.com/ZergsLaw/back-template/cmd/session/internal/api/handlers.go:34.89,36.16 2 2
github.com/ZergsLaw/back-template/cmd/session/internal/api/handlers.go:36.16,38.3 1 1
github.com/ZergsLaw/back-template/cmd/session/internal/api/handlers.go:40.2,44.8 1 1
github.com/ZergsLaw/back-template/cmd/session/internal/api/handlers.go:48.98,50.16 2 3
github.com/ZergsLaw/back-template/cmd/session/internal/api/handlers.go:50.16,52.3 1 0
github.com/ZergsLaw/back-template/cmd/session/internal/api/handlers.go:54.2,55.16 2 3
github.com/ZergsLaw/back-template/cmd/session/internal/api/handlers.go:55.16,57.3 1 2
github.com/ZergsLaw/back-template/cmd/session/internal/api/handlers.go:59.2,59.34 1 1
github.com/ZergsLaw/back-template/cmd/session/internal/auth/auth.go:23.34,27.2 1 1
github.com/ZergsLaw/back-template/cmd/session/internal/auth/auth.go:34.61,40.16 3 1
github.com/ZergsLaw/back-template/cmd/session/internal/auth/auth.go:40.16,42.3 1 0
github.com/ZergsLaw/back-template/cmd/session/internal/auth/auth.go:44.2,48.17 2 1
github.com/ZergsLaw/back-template/cmd/session/internal/auth/auth.go:52.57,56.16 3 1
github.com/ZergsLaw/back-template/cmd/session/internal/auth/auth.go:56.16,58.3 1 0
github.com/ZergsLaw/back-template/cmd/session/internal/auth/auth.go:60.2,60.25 1 1
github.com/ZergsLaw/back-template/cmd/user/internal/adapters/files/file_repo.go:42.104,47.16 4 1
github.com/ZergsLaw/back-template/cmd/user/internal/adapters/files/file_repo.go:47.16,49.3 1 0
github.com/ZergsLaw/back-template/cmd/user/internal/adapters/files/file_repo.go:51.2,59.16 3 1
github.com/ZergsLaw/back-template/cmd/user/internal/adapters/files/file_repo.go:59.16,61.3 1 0
github.com/ZergsLaw/back-template/cmd/user/internal/adapters/files/file_repo.go:63.2,65.17 3 1
github.com/ZergsLaw/back-template/cmd/user/internal/adapters/files/file_repo.go:65.17,68.83 3 0
github.com/ZergsLaw/back-template/cmd/user/internal/adapters/files/file_repo.go:68.83,70.4 1 0
github.com/ZergsLaw/back-template/cmd/user/internal/adapters/files/file_repo.go:72.3,72.16 1 0
github.com/ZergsLaw/back-template/cmd/user/internal/adapters/files/file_repo.go:75.2,78.27 2 1
github.com/ZergsLaw/back-template/cmd/user/internal/adapters/files/file_repo.go:78.27,83.83 3 0
github.com/ZergsLaw/back-template/cmd/user/internal/adapters/files/file_repo.go:83.83,85.4 1 0
github.com/ZergsLaw/back-template/cmd/user/internal/adapters/files/file_repo.go:87.3,87.16 1 0
github.com/ZergsLaw/back-template/cmd/user/internal/adapters/files/file_repo.go:90.2,93.8 1 1
github.com/ZergsLaw/back-template/cmd/user/internal/adapters/files/methods.go:14.83,25.16 4 1
github.com/ZergsLaw/back-template/cmd/user/internal/adapters/files/methods.go:25.16,27.3 1 0
github.com/ZergsLaw/back-template/cmd/user/internal/adapters/files/methods.go:29.2,29.16 1 1
github.com/ZergsLaw/back-template/cmd/user/internal/adapters/files/methods.go:33.87,35.16 2 1
github.com/ZergsLaw/back-template/cmd/user/internal/adapters/files/methods.go:35.16,37.3 1 0
github.com/ZergsLaw/back-template/cmd/user/internal/adapters/files/methods.go:39.2,40.16 2 1
github.com/ZergsLaw/back-template/cmd/user/internal/adapters/files/methods.go:40.16,42.3 1 0
github.com/ZergsLaw/back-template/cmd/user/internal/adapters/files/methods.go:44.2,44.25 1 1
github.com/ZergsLaw/back-template/cmd/user/internal/adapters/files/methods.go:44.25,46.3 1 0
github.com/ZergsLaw/back-template/cmd/user/internal/adapters/files/methods.go:48.2,57.15 2 1
github.com/ZergsLaw/back-template/cmd/user/internal/adapters/files/methods.go:61.70,63.16 2 0
github.com/ZergsLaw/back-template/cmd/user/internal/adapters/files/methods.go:63.16,65.3 1 0
github.com/ZergsLaw/back-template/cmd/user/internal/adapters/files/methods.go:67.2,67.12 1 0
github.com/ZergsLaw/back-template/cmd/user/internal/adapters/files/methods.go:71.30,73.2 1 1
github.com/ZergsLaw/back-template/cmd/user/internal/adapters/files/metrics.go:17.106,29.31 3 1
github.com/ZergsLaw/back-template/cmd/user/internal/adapters/files/metrics.go:29.31,34.3 2 0
github.com/ZergsLaw/back-template/cmd/user/internal/adapters/files/metrics.go:36.2,36.15 1 1
github.com/ZergsLaw/back-template/cmd/user/internal/api/grpc/auth.go:15.101,17.21 2 27
github.com/ZergsLaw/back-template/cmd/user/internal/api/grpc/auth.go:17.21,19.3 1 8
github.com/ZergsLaw/back-template/cmd/user/internal/api/grpc/auth.go:21.2,22.16 2 19
github.com/ZergsLaw/back-template/cmd/user/internal/api/grpc/auth.go:22.16,24.3 1 0
github.com/ZergsLaw/back-template/cmd/user/internal/api/grpc/auth.go:26.2,27.16 2 19
github.com/ZergsLaw/back-template/cmd/user/internal/api/grpc/auth.go:27.16,29.3 1 0
github.com/ZergsLaw/back-template/cmd/user/internal/api/grpc/auth.go:31.2,31.50 1 19
github.com/ZergsLaw/back-template/cmd/user/internal/api/grpc/converts.go:9.39,18.2 1 7
github.com/ZergsLaw/back-template/cmd/user/internal/api/grpc/converts.go:20.55,25.2 1 0
github.com/ZergsLaw/back-template/cmd/user/internal/api/grpc/grpc.go:52.133,83.2 7 27
github.com/ZergsLaw/back-template/cmd/user/internal/api/grpc/grpc.go:85.62,87.9 2 2
github.com/ZergsLaw/back-template/cmd/user/internal/api/grpc/grpc.go:87.9,89.3 1 0
github.com/ZergsLaw/back-template/cmd/user/internal/api/grpc/grpc.go:91.2,92.9 2 2
github.com/ZergsLaw/back-template/cmd/user/internal/api/grpc/grpc.go:92.9,94.3 1 0
github.com/ZergsLaw/back-template/cmd/user/internal/api/grpc/grpc.go:96.2,97.16 2 2
github.com/ZergsLaw/back-template/cmd/user/internal/api/grpc/grpc.go:97.16,99.3 1 0
github.com/ZergsLaw/back-template/cmd/user/internal/api/grpc/grpc.go:101.2,102.27 2 2
github.com/ZergsLaw/back-template/cmd/user/internal/api/grpc/grpc.go:102.27,104.3 1 2
github.com/ZergsLaw/back-template/cmd/user/internal/api/grpc/grpc.go:106.2,109.8 1 2
github.com/ZergsLaw/back-template/cmd/user/internal/api/grpc/grpc.go:112.41,113.16 1 13
github.com/ZergsLaw/back-template/cmd/user/internal/api/grpc/grpc.go:113.16,115.3 1 0
github.com/ZergsLaw/back-template/cmd/user/internal/api/grpc/grpc.go:117.2,118.9 2 13
github.com/ZergsLaw/back-template/cmd/user/internal/api/grpc/grpc.go:119.42,120.31 1 0
github.com/ZergsLaw/back-template/cmd/user/internal/api/grpc/grpc.go:121.41,122.29 1 0
github.com/ZergsLaw/back-template/cmd/user/internal/api/grpc/grpc.go:123.44,124.29 1 0
github.com/ZergsLaw/back-template/cmd/user/internal/api/grpc/grpc.go:125.43,126.32 1 0
github.com/ZergsLaw/back-template/cmd/user/internal/api/grpc/grpc.go:127.39,128.24 1 2
github.com/ZergsLaw/back-template/cmd/user/internal/api/grpc/grpc.go:129.43,130.31 1 0
github.com/ZergsLaw/back-template/cmd/user/internal/api/grpc/grpc.go:131.46,132.31 1 0
github.com/ZergsLaw/back-template/cmd/user/internal/api/grpc/grpc.go:133.48,134.32 1 0
github.com/ZergsLaw/back-template/cmd/user/internal/api/grpc/grpc.go:135.40,136.24 1 0
github.com/ZergsLaw/back-template/cmd/user/internal/api/grpc/grpc.go:139.2,139.38 1 13
github.com/ZergsLaw/back-template/cmd/user/internal/api/grpc/handlers.go:28.141,30.16 2 2
github.com/ZergsLaw/back-template/cmd/user/internal/api/grpc/handlers.go:30.16,32.3 1 1
github.com/ZergsLaw/back-template/cmd/user/internal/api/grpc/handlers.go:34.2,34.50 1 1
github.com/ZergsLaw/back-template/cmd/user/internal/api/grpc/handlers.go:38.150,40.16 2 2
github.com/ZergsLaw/back-template/cmd/user/internal/api/grpc/handlers.go:40.16,42.3 1 1
github.com/ZergsLaw/back-template/cmd/user/internal/api/grpc/handlers.go:44.2,44.53 1 1
github.com/ZergsLaw/back-template/cmd/user/internal/api/grpc/handlers.go:48.120,50.16 2 2
github.com/ZergsLaw/back-template/cmd/user/internal/api/grpc/handlers.go:50.16,52.3 1 1
github.com/ZergsLaw/back-template/cmd/user/internal/api/grpc/handlers.go:54.2,54.58 1 1
github.com/ZergsLaw/back-template/cmd/user/internal/api/grpc/handlers.go:58.105,60.16 2 2
github.com/ZergsLaw/back-template/cmd/user/internal/api/grpc/handlers.go:60.16,62.3 1 0
github.com/ZergsLaw/back-template/cmd/user/internal/api/grpc/handlers.go:64.2,65.16 2 2
github.com/ZergsLaw/back-template/cmd/user/internal/api/grpc/handlers.go:65.16,67.3 1 1
github.com/ZergsLaw/back-template/cmd/user/internal/api/grpc/handlers.go:69.2,70.16 2 1
github.com/ZergsLaw/back-template/cmd/user/internal/api/grpc/handlers.go:70.16,72.3 1 0
github.com/ZergsLaw/back-template/cmd/user/internal/api/grpc/handlers.go:74.2,74.61 1 1
github.com/ZergsLaw/back-template/cmd/user/internal/api/grpc/handlers.go:78.102,80.24 2 2
github.com/ZergsLaw/back-template/cmd/user/internal/api/grpc/handlers.go:80.24,82.3 1 0
github.com/ZergsLaw/back-template/cmd/user/internal/api/grpc/handlers.go:84.2,85.16 2 2
github.com/ZergsLaw/back-template/cmd/user/internal/api/grpc/handlers.go:85.16,87.3 1 1
github.com/ZergsLaw/back-template/cmd/user/internal/api/grpc/handlers.go:89.2,89.39 1 1
github.com/ZergsLaw/back-template/cmd/user/internal/api/grpc/handlers.go:93.111,95.24 2 3
github.com/ZergsLaw/back-template/cmd/user/internal/api/grpc/handlers.go:95.24,97.3 1 0
github.com/ZergsLaw/back-template/cmd/user/internal/api/grpc/handlers.go:99.2,101.16 3 3
github.com/ZergsLaw/back-template/cmd/user/internal/api/grpc/handlers.go:101.16,103.3 1 1
github.com/ZergsLaw/back-template/cmd/user/internal/api/grpc/handlers.go:105.2,105.59 1 2
github.com/ZergsLaw/back-template/cmd/user/internal/api/grpc/handlers.go:109.123,111.24 2 3
github.com/ZergsLaw/back-template/cmd/user/internal/api/grpc/handlers.go:111.24,113.3 1 0
github.com/ZergsLaw/back-template/cmd/user/internal/api/grpc/handlers.go:115.2,124.16 2 3
github.com/ZergsLaw/back-template/cmd/user/internal/api/grpc/handlers.go:124.16,126.3 1 1
github.com/ZergsLaw/back-template/cmd/user/internal/api/grpc/handlers.go:128.2,129.23 2 2
github.com/ZergsLaw/back-template/cmd/user/internal/api/grpc/handlers.go:129.23,131.3 1 2
github.com/ZergsLaw/back-template/cmd/user/internal/api/grpc/handlers.go:133.2,133.79 1 2
github.com/ZergsLaw/back-template/cmd/user/internal/api/grpc/handlers.go:137.132,139.24 2 3
github.com/ZergsLaw/back-template/cmd/user/internal/api/grpc/handlers.go:139.24,141.3 1 0
github.com/ZergsLaw/back-template/cmd/user/internal/api/grpc/handlers.go:143.2,144.16 2 3
github.com/ZergsLaw/back-template/cmd/user/internal/api/grpc/handlers.go:144.16,146.3 1 1
github.com/ZergsLaw/back-template/cmd/user/internal/api/grpc/handlers.go:148.2,148.47 1 2
github.com/ZergsLaw/back-template/cmd/user/internal/api/grpc/handlers.go:152.120,154.24 2 3
github.com/ZergsLaw/back-template/cmd/user/internal/api/grpc/handlers.go:154.24,156.3 1 0
github.com/ZergsLaw/back-template/cmd/user/internal/api/grpc/handlers.go:158.2,159.16 2 3
github.com/ZergsLaw/back-template/cmd/user/internal/api/grpc/handlers.go:159.16,161.3 1 2
github.com/ZergsLaw/back-template/cmd/user/internal/api/grpc/handlers.go:163.2,163.43 1 1
github.com/ZergsLaw/back-template/cmd/user/internal/api/grpc/handlers.go:167.126,169.24 2 3
github.com/ZergsLaw/back-template/cmd/user/internal/api/grpc/handlers.go:169.24,171.3 1 0
github.com/ZergsLaw/back-template/cmd/user/internal/api/grpc/handlers.go:173.2,174.16 2 3
github.com/ZergsLaw/back-template/cmd/user/internal/api/grpc/handlers.go:174.16,176.3 1 2
github.com/ZergsLaw/back-template/cmd/user/internal/api/grpc/handlers.go:178.2,178.45 1 1
github.com/ZergsLaw/back-template/cmd/user/internal/api/grpc/handlers.go:182.126,184.24 2 0
github.com/ZergsLaw/back-template/cmd/user/internal/api/grpc/handlers.go:184.24,186.3 1 0
github.com/ZergsLaw/back-template/cmd/user/internal/api/grpc/handlers.go:188.2,189.16 2 0
github.com/ZergsLaw/back-template/cmd/user/internal/api/grpc/handlers.go:189.16,191.3 1 0
github.com/ZergsLaw/back-template/cmd/user/internal/api/grpc/handlers.go:193.2,194.28 2 0
github.com/ZergsLaw/back-template/cmd/user/internal/api/grpc/handlers.go:194.28,196.3 1 0
github.com/ZergsLaw/back-template/cmd/user/internal/api/grpc/handlers.go:198.2,198.65 1 0
github.com/ZergsLaw/back-template/cmd/user/internal/api/grpc/handlers.go:201.129,203.24 2 2
github.com/ZergsLaw/back-template/cmd/user/internal/api/grpc/handlers.go:203.24,205.3 1 0
github.com/ZergsLaw/back-template/cmd/user/internal/api/grpc/handlers.go:207.2,209.29 2 2
github.com/ZergsLaw/back-template/cmd/user/internal/api/grpc/handlers.go:209.29,211.17 2 6
github.com/ZergsLaw/back-template/cmd/user/internal/api/grpc/handlers.go:211.17,213.4 1 0
github.com/ZergsLaw/back-template/cmd/user/internal/api/grpc/handlers.go:215.3,215.14 1 6
github.com/ZergsLaw/back-template/cmd/user/internal/api/grpc/handlers.go:218.2,219.16 2 2
github.com/ZergsLaw/back-template/cmd/user/internal/api/grpc/handlers.go:219.16,221.3 1 1
github.com/ZergsLaw/back-template/cmd/user/internal/api/grpc/handlers.go:223.2,224.23 2 1
github.com/ZergsLaw/back-template/cmd/user/internal/api/grpc/handlers.go:224.23,226.3 1 3
github.com/ZergsLaw/back-template/cmd/user/internal/api/grpc/handlers.go:228.2,230.8 1 1
github.com/ZergsLaw/back-template/cmd/user/internal/api/http/handlers.go:21.68,23.24 2 0
github.com/ZergsLaw/back-template/cmd/user/internal/api/http/handlers.go:23.24,27.3 2 0
github.com/ZergsLaw/back-template/cmd/user/internal/api/http/handlers.go:29.2,30.16 2 0
github.com/ZergsLaw/back-template/cmd/user/internal/api/http/handlers.go:30.16,34.3 2 0
github.com/ZergsLaw/back-template/cmd/user/internal/api/http/handlers.go:35.2,35.15 1 0
github.com/ZergsLaw/back-template/cmd/user/internal/api/http/handlers.go:35.15,37.17 2 0
github.com/ZergsLaw/back-template/cmd/user/internal/api/http/handlers.go:37.17,39.4 1 0
github.com/ZergsLaw/back-template/cmd/user/internal/api/http/handlers.go:42.2,42.35 1 0
github.com/ZergsLaw/back-template/cmd/user/internal/api/http/handlers.go:42.35,46.3 2 0
github.com/ZergsLaw/back-template/cmd/user/internal/api/http/handlers.go:48.2,50.16 3 0
github.com/ZergsLaw/back-template/cmd/user/internal/api/http/handlers.go:50.16,54.3 2 0
github.com/ZergsLaw/back-template/cmd/user/internal/api/http/handlers.go:55.2,56.16 2 0
github.com/ZergsLaw/back-template/cmd/user/internal/api/http/handlers.go:56.16,60.3 2 0
github.com/ZergsLaw/back-template/cmd/user/internal/api/http/handlers.go:61.2,71.9 4 0
github.com/ZergsLaw/back-template/cmd/user/internal/api/http/handlers.go:72.18,78.9 3 0
github.com/ZergsLaw/back-template/cmd/user/internal/api/http/handlers.go:79.49,82.9 2 0
github.com/ZergsLaw/back-template/cmd/user/internal/api/http/handlers.go:83.10,86.9 2 0
github.com/ZergsLaw/back-template/cmd/user/internal/api/http/handlers.go:90.70,92.24 2 0
github.com/ZergsLaw/back-template/cmd/user/internal/api/http/handlers.go:92.24,96.3 2 0
github.com/ZergsLaw/back-template/cmd/user/internal/api/http/handlers.go:98.2,100.24 3 0
github.com/ZergsLaw/back-template/cmd/user/internal/api/http/handlers.go:100.24,104.3 2 0
github.com/ZergsLaw/back-template/cmd/user/internal/api/http/handlers.go:106.2,107.9 2 0
github.com/ZergsLaw/back-template/cmd/user/internal/api/http/handlers.go:108.18,110.16 2 0
github.com/ZergsLaw/back-template/cmd/user/internal/api/http/handlers.go:110.16,112.18 2 0
github.com/ZergsLaw/back-template/cmd/user/internal/api/http/handlers.go:112.18,114.5 1 0
github.com/ZergsLaw/back-template/cmd/user/internal/api/http/handlers.go:117.3,117.9 1 0
github.com/ZergsLaw/back-template/cmd/user/internal/api/http/handlers.go:118.39,121.9 2 0
github.com/ZergsLaw/back-template/cmd/user/internal/api/http/handlers.go:122.10,125.9 2 0
github.com/ZergsLaw/back-template/cmd/user/internal/api/http/handlers.go:129.80,132.16 3 0
github.com/ZergsLaw/back-template/cmd/user/internal/api/http/handlers.go:132.16,136.3 2 0
github.com/ZergsLaw/back-template/cmd/user/internal/api/http/handlers.go:139.90,141.56 2 0
github.com/ZergsLaw/back-template/cmd/user/internal/api/http/handlers.go:141.56,145.3 2 0
github.com/ZergsLaw/back-template/cmd/user/internal/api/http/http.go:36.70,55.2 7 0
github.com/ZergsLaw/back-template/cmd/user/internal/api/http/middleware.go:22.57,23.46 1 0
github.com/ZergsLaw/back-template/cmd/user/internal/api/http/middleware.go:23.46,24.72 1 0
github.com/ZergsLaw/back-template/cmd/user/internal/api/http/middleware.go:24.72,39.48 6 0
github.com/ZergsLaw/back-template/cmd/user/internal/api/http/middleware.go:39.48,44.5 3 0
github.com/ZergsLaw/back-template/cmd/user/internal/api/http/middleware.go:46.4,46.39 1 0
github.com/ZergsLaw/back-template/cmd/user/internal/api/http/middleware.go:46.39,51.5 3 0
github.com/ZergsLaw/back-template/cmd/user/internal/api/http/middleware.go:52.4,52.27 1 0
github.com/ZergsLaw/back-template/cmd/user/internal/api/http/middleware.go:58.53,59.46 1 0
github.com/ZergsLaw/back-template/cmd/user/internal/api/http/middleware.go:59.46,60.72 1 0
github.com/ZergsLaw/back-template/cmd/user/internal/api/http/middleware.go:60.72,61.17 1 0
github.com/ZergsLaw/back-template/cmd/user/internal/api/http/middleware.go:61.17,62.37 1 0
github.com/ZergsLaw/back-template/cmd/user/internal/api/http/middleware.go:62.37,76.20 5 0
github.com/ZergsLaw/back-template/cmd/user/internal/api/http/middleware.go:76.20,80.7 2 0
github.com/ZergsLaw/back-template/cmd/user/internal/api/http/middleware.go:82.6,84.30 3 0
github.com/ZergsLaw/back-template/cmd/user/internal/api/http/middleware.go:87.4,87.24 1 0
github.com/ZergsLaw/back-template/cmd/user/internal/api/http/middleware.go:92.58,93.46 1 0
github.com/ZergsLaw/back-template/cmd/user/internal/api/http/middleware.go:93.46,94.72 1 0
github.com/ZergsLaw/back-template/cmd/user/internal/api/http/middleware.go:94.72,96.19 2 0
github.com/ZergsLaw/back-template/cmd/user/internal/api/http/middleware.go:96.19,100.5 2 0
github.com/ZergsLaw/back-template/cmd/user/internal/api/http/middleware.go:102.4,104.32 3 0
github.com/ZergsLaw/back-template/cmd/user/internal/api/http/middleware.go:104.32,108.5 2 0
github.com/ZergsLaw/back-template/cmd/user/internal/api/http/middleware.go:109.4,109.45 1 0
github.com/ZergsLaw/back-template/cmd/user/internal/api/http/middleware.go:109.45,113.5 2 0
github.com/ZergsLaw/back-template/cmd/user/internal/api/http/middleware.go:115.4,116.18 2 0
github.com/ZergsLaw/back-template/cmd/user/internal/api/http/middleware.go:116.18,120.5 2 0
github.com/ZergsLaw/back-template/cmd/user/internal/api/http/middleware.go:122.4,122.82 1 0
github.com/ZergsLaw/back-template/cmd/user/internal/app/app.go:14.74,22.2 1 51
github.com/ZergsLaw/back-template/cmd/user/internal/app/domain.go:113.46,114.16 1 9
github.com/ZergsLaw/back-template/cmd/user/internal/app/domain.go:117.84,118.13 1 8
github.com/ZergsLaw/back-template/cmd/user/internal/app/domain.go:119.10,120.31 1 1
github.com/ZergsLaw/back-template/cmd/user/internal/app/file_handlers.go:19.113,20.56 1 10
github.com/ZergsLaw/back-template/cmd/user/internal/app/file_handlers.go:20.56,22.3 1 2
github.com/ZergsLaw/back-template/cmd/user/internal/app/file_handlers.go:24.2,24.45 1 8
github.com/ZergsLaw/back-template/cmd/user/internal/app/file_handlers.go:24.45,26.10 2 8
github.com/ZergsLaw/back-template/cmd/user/internal/app/file_handlers.go:27.11,28.56 1 1
github.com/ZergsLaw/back-template/cmd/user/internal/app/file_handlers.go:29.50,29.50 0 7
github.com/ZergsLaw/back-template/cmd/user/internal/app/file_handlers.go:32.3,32.36 1 7
github.com/ZergsLaw/back-template/cmd/user/internal/app/file_handlers.go:32.36,34.4 1 1
github.com/ZergsLaw/back-template/cmd/user/internal/app/file_handlers.go:36.3,37.17 2 6
github.com/ZergsLaw/back-template/cmd/user/internal/app/file_handlers.go:37.17,39.4 1 1
github.com/ZergsLaw/back-template/cmd/user/internal/app/file_handlers.go:41.3,45.56 2 5
github.com/ZergsLaw/back-template/cmd/user/internal/app/file_handlers.go:45.56,47.4 1 1
github.com/ZergsLaw/back-template/cmd/user/internal/app/file_handlers.go:49.3,50.17 2 4
github.com/ZergsLaw/back-template/cmd/user/internal/app/file_handlers.go:50.17,52.4 1 1
github.com/ZergsLaw/back-template/cmd/user/internal/app/file_handlers.go:53.3,56.17 3 3
github.com/ZergsLaw/back-template/cmd/user/internal/app/file_handlers.go:56.17,58.4 1 1
github.com/ZergsLaw/back-template/cmd/user/internal/app/file_handlers.go:60.3,60.13 1 2
github.com/ZergsLaw/back-template/cmd/user/internal/app/file_handlers.go:62.2,62.16 1 8
github.com/ZergsLaw/back-template/cmd/user/internal/app/file_handlers.go:62.16,64.3 1 6
github.com/ZergsLaw/back-template/cmd/user/internal/app/file_handlers.go:66.2,66.22 1 2
github.com/ZergsLaw/back-template/cmd/user/internal/app/file_handlers.go:70.94,72.16 2 8
github.com/ZergsLaw/back-template/cmd/user/internal/app/file_handlers.go:72.16,74.3 1 1
github.com/ZergsLaw/back-template/cmd/user/internal/app/file_handlers.go:76.2,76.41 1 7
github.com/ZergsLaw/back-template/cmd/user/internal/app/file_handlers.go:76.41,78.3 1 1
github.com/ZergsLaw/back-template/cmd/user/internal/app/file_handlers.go:80.2,80.46 1 6
github.com/ZergsLaw/back-template/cmd/user/internal/app/file_handlers.go:80.46,81.71 1 6
github.com/ZergsLaw/back-template/cmd/user/internal/app/file_handlers.go:81.71,83.4 1 1
github.com/ZergsLaw/back-template/cmd/user/internal/app/file_handlers.go:85.3,85.55 1 5
github.com/ZergsLaw/back-template/cmd/user/internal/app/file_handlers.go:85.55,87.4 1 1
github.com/ZergsLaw/back-template/cmd/user/internal/app/file_handlers.go:89.3,90.17 2 4
github.com/ZergsLaw/back-template/cmd/user/internal/app/file_handlers.go:90.17,92.4 1 1
github.com/ZergsLaw/back-template/cmd/user/internal/app/file_handlers.go:94.3,95.28 2 3
github.com/ZergsLaw/back-template/cmd/user/internal/app/file_handlers.go:95.28,97.4 1 3
github.com/ZergsLaw/back-template/cmd/user/internal/app/file_handlers.go:99.3,100.17 2 3
github.com/ZergsLaw/back-template/cmd/user/internal/app/file_handlers.go:100.17,102.4 1 1
github.com/ZergsLaw/back-template/cmd/user/internal/app/file_handlers.go:103.3,106.17 3 2
github.com/ZergsLaw/back-template/cmd/user/internal/app/file_handlers.go:106.17,108.4 1 1
github.com/ZergsLaw/back-template/cmd/user/internal/app/file_handlers.go:110.3,110.13 1 1
github.com/ZergsLaw/back-template/cmd/user/internal/app/file_handlers.go:115.95,117.2 1 0
github.com/ZergsLaw/back-template/cmd/user/internal/app/file_handlers.go:120.94,122.16 2 5
github.com/ZergsLaw/back-template/cmd/user/internal/app/file_handlers.go:122.16,124.3 1 2
github.com/ZergsLaw/back-template/cmd/user/internal/app/file_handlers.go:126.2,127.16 2 3
github.com/ZergsLaw/back-template/cmd/user/internal/app/file_handlers.go:127.16,129.3 1 2
github.com/ZergsLaw/back-template/cmd/user/internal/app/file_handlers.go:131.2,131.18 1 1
github.com/ZergsLaw/back-template/cmd/user/internal/app/file_handlers.go:134.47,138.35 3 10
github.com/ZergsLaw/back-template/cmd/user/internal/app/file_handlers.go:138.35,140.3 1 1
github.com/ZergsLaw/back-template/cmd/user/internal/app/file_handlers.go:142.2,142.71 1 9
github.com/ZergsLaw/back-template/cmd/user/internal/app/file_handlers.go:142.71,144.3 1 1
github.com/ZergsLaw/back-template/cmd/user/internal/app/file_handlers.go:146.2,146.12 1 8
github.com/ZergsLaw/back-template/cmd/user/internal/app/handlers.go:15.74,18.9 3 3
github.com/ZergsLaw/back-template/cmd/user/internal/app/handlers.go:19.35,20.13 1 1
github.com/ZergsLaw/back-template/cmd/user/internal/app/handlers.go:21.18,22.23 1 1
github.com/ZergsLaw/back-template/cmd/user/internal/app/handlers.go:23.10,24.47 1 1
github.com/ZergsLaw/back-template/cmd/user/internal/app/handlers.go:29.80,31.9 2 3
github.com/ZergsLaw/back-template/cmd/user/internal/app/handlers.go:32.35,33.13 1 1
github.com/ZergsLaw/back-template/cmd/user/internal/app/handlers.go:34.18,35.26 1 1
github.com/ZergsLaw/back-template/cmd/user/internal/app/handlers.go:36.10,37.50 1 1
github.com/ZergsLaw/back-template/cmd/user/internal/app/handlers.go:42.121,44.16 2 5
github.com/ZergsLaw/back-template/cmd/user/internal/app/handlers.go:44.16,46.3 1 1
github.com/ZergsLaw/back-template/cmd/user/internal/app/handlers.go:47.2,49.45 2 4
github.com/ZergsLaw/back-template/cmd/user/internal/app/handlers.go:49.45,59.17 3 4
github.com/ZergsLaw/back-template/cmd/user/internal/app/handlers.go:59.17,61.4 1 1
github.com/ZergsLaw/back-template/cmd/user/internal/app/handlers.go:63.3,64.17 2 3
github.com/ZergsLaw/back-template/cmd/user/internal/app/handlers.go:64.17,66.4 1 1
github.com/ZergsLaw/back-template/cmd/user/internal/app/handlers.go:68.3,74.17 3 2
github.com/ZergsLaw/back-template/cmd/user/internal/app/handlers.go:74.17,76.4 1 1
github.com/ZergsLaw/back-template/cmd/user/internal/app/handlers.go:78.3,78.13 1 1
github.com/ZergsLaw/back-template/cmd/user/internal/app/handlers.go:80.2,80.16 1 4
github.com/ZergsLaw/back-template/cmd/user/internal/app/handlers.go:80.16,82.3 1 3
github.com/ZergsLaw/back-template/cmd/user/internal/app/handlers.go:84.2,84.20 1 1
github.com/ZergsLaw/back-template/cmd/user/internal/app/handlers.go:88.116,91.16 3 3
github.com/ZergsLaw/back-template/cmd/user/internal/app/handlers.go:91.16,93.3 1 1
github.com/ZergsLaw/back-template/cmd/user/internal/app/handlers.go:95.2,95.54 1 2
github.com/ZergsLaw/back-template/cmd/user/internal/app/handlers.go:95.54,97.3 1 1
github.com/ZergsLaw/back-template/cmd/user/internal/app/handlers.go:99.2,100.16 2 1
github.com/ZergsLaw/back-template/cmd/user/internal/app/handlers.go:100.16,102.3 1 0
github.com/ZergsLaw/back-template/cmd/user/internal/app/handlers.go:104.2,104.28 1 1
github.com/ZergsLaw/back-template/cmd/user/internal/app/handlers.go:108.99,109.24 1 2
github.com/ZergsLaw/back-template/cmd/user/internal/app/handlers.go:109.24,111.3 1 1
github.com/ZergsLaw/back-template/cmd/user/internal/app/handlers.go:113.2,113.33 1 2
github.com/ZergsLaw/back-template/cmd/user/internal/app/handlers.go:117.112,119.2 1 0
github.com/ZergsLaw/back-template/cmd/user/internal/app/handlers.go:122.70,124.2 1 0
github.com/ZergsLaw/back-template/cmd/user/internal/app/handlers.go:127.103,129.16 2 5
github.com/ZergsLaw/back-template/cmd/user/internal/app/handlers.go:129.16,131.3 1 1
github.com/ZergsLaw/back-template/cmd/user/internal/app/handlers.go:133.2,133.53 1 4
github.com/ZergsLaw/back-template/cmd/user/internal/app/handlers.go:133.53,135.3 1 1
github.com/ZergsLaw/back-template/cmd/user/internal/app/handlers.go:137.2,137.52 1 3
github.com/ZergsLaw/back-template/cmd/user/internal/app/handlers.go:137.52,139.3 1 1
github.com/ZergsLaw/back-template/cmd/user/internal/app/handlers.go:141.2,142.16 2 2
github.com/ZergsLaw/back-template/cmd/user/internal/app/handlers.go:142.16,144.3 1 1
github.com/ZergsLaw/back-template/cmd/user/internal/app/handlers.go:145.2,148.16 3 1
github.com/ZergsLaw/back-template/cmd/user/internal/app/handlers.go:148.16,150.3 1 0
github.com/ZergsLaw/back-template/cmd/user/internal/app/handlers.go:152.2,152.12 1 1
github.com/ZergsLaw/back-template/cmd/user/internal/app/handlers.go:156.77,158.2 1 0
github.com/ZergsLaw/back-template/cmd/user/internal/app/handlers.go:161.111,163.16 2 7
github.com/ZergsLaw/back-template/cmd/user/internal/app/handlers.go:163.16,165.3 1 2
github.com/ZergsLaw/back-template/cmd/user/internal/app/handlers.go:167.2,167.26 1 5
github.com/ZergsLaw/back-template/cmd/user/internal/app/handlers.go:167.26,169.3 1 1
github.com/ZergsLaw/back-template/cmd/user/internal/app/handlers.go:171.2,171.26 1 5
github.com/ZergsLaw/back-template/cmd/user/internal/app/handlers.go:171.26,173.17 2 4
github.com/ZergsLaw/back-template/cmd/user/internal/app/handlers.go:173.17,175.4 1 2
github.com/ZergsLaw/back-template/cmd/user/internal/app/handlers.go:178.2,189.16 3 3
github.com/ZergsLaw/back-template/cmd/user/internal/app/handlers.go:189.16,191.3 1 1
github.com/ZergsLaw/back-template/cmd/user/internal/app/handlers.go:193.2,193.12 1 2
github.com/ZergsLaw/back-template/cmd/user/internal/app/handlers.go:196.98,198.2 1 0
github.com/ZergsLaw/back-template/cmd/user/internal/app/process.go:14.50,27.6 5 0
github.com/ZergsLaw/back-template/cmd/user/internal/app/process.go:27.6,29.10 2 0
github.com/ZergsLaw/back-template/cmd/user/internal/app/process.go:30.21,31.14 1 0
github.com/ZergsLaw/back-template/cmd/user/internal/app/process.go:32.24,33.28 1 0
github.com/ZergsLaw/back-template/cmd/user/internal/app/process.go:34.26,35.53 1 0
github.com/ZergsLaw/back-template/cmd/user/internal/app/process.go:36.26,37.53 1 0
github.com/ZergsLaw/back-template/cmd/user/internal/app/process.go:38.29,39.56 1 0
github.com/ZergsLaw/back-template/cmd/user/internal/app/process.go:40.12,46.13 2 0
github.com/ZergsLaw/back-template/cmd/user/internal/app/process.go:48.4,48.18 1 0
github.com/ZergsLaw/back-template/cmd/user/internal/app/process.go:48.18,52.13 3 0
github.com/ZergsLaw/back-template/cmd/user/internal/app/process.go:55.4,55.17 1 0
github.com/ZergsLaw/back-template/cmd/user/internal/app/process.go:60.76,62.16 2 0
github.com/ZergsLaw/back-template/cmd/user/internal/app/process.go:62.16,64.3 1 0
github.com/ZergsLaw/back-template/cmd/user/internal/app/process.go:66.2,67.16 2 0
github.com/ZergsLaw/back-template/cmd/user/internal/app/process.go:67.16,69.3 1 0
github.com/ZergsLaw/back-template/cmd/user/internal/app/process.go:71.2,71.12 1 0
github.com/ZergsLaw/back-template/cmd/user/internal/app/process.go:74.76,76.16 2 0
github.com/ZergsLaw/back-template/cmd/user/internal/app/process.go:76.16,78.3 1 0
github.com/ZergsLaw/back-template/cmd/user/internal/app/process.go:80.2,81.16 2 0
github.com/ZergsLaw/back-template/cmd/user/internal/app/process.go:81.16,83.3 1 0
github.com/ZergsLaw/back-template/cmd/user/internal/app/process.go:85.2,85.12 1 0
github.com/ZergsLaw/back-template/cmd/user/internal/app/process.go:88.79,90.16 2 0
github.com/ZergsLaw/back-template/cmd/user/internal/app/process.go:90.16,92.3 1 0
github.com/ZergsLaw/back-template/cmd/user/internal/app/process.go:94.2,95.16 2 0
github.com/ZergsLaw/back-template/cmd/user/internal/app/process.go:95.16,97.3 1 0
github.com/ZergsLaw/back-template/cmd/user/internal/app/process.go:99.2,99.12 1 0
github.com/ZergsLaw/back-template/cmd/user/internal/app/process.go:102.99,115.6 5 0
github.com/ZergsLaw/back-template/cmd/user/internal/app/process.go:115.6,116.10 1 0
github.com/ZergsLaw/back-template/cmd/user/internal/app/process.go:117.21,118.10 1 0
github.com/ZergsLaw/back-template/cmd/user/internal/app/process.go:119.19,121.18 2 0
github.com/ZergsLaw/back-template/cmd/user/internal/app/process.go:121.18,124.13 2 0
github.com/ZergsLaw/back-template/cmd/user/internal/app/process.go:127.4,127.75 1 0
github.com/ZergsLaw/back-template/cmd/user/internal/app/process.go:127.75,128.12 1 0
github.com/ZergsLaw/back-template/cmd/user/internal/app/process.go:129.23,130.12 1 0
github.com/ZergsLaw/back-template/cmd/user/internal/app/process.go:131.23,131.23 0 0
github.com/ZergsLaw/back-template/cmd/user/internal/app/process.go:134.5,134.9 1 0
github.com/ZergsLaw/back-template/cmd/user/internal/app/process.go:134.9,135.13 1 0
github.com/ZergsLaw/back-template/cmd/user/internal/app/process.go:136.24,137.13 1 0
github.com/ZergsLaw/back-template/cmd/user/internal/app/process.go:138.26,139.40 1 0
github.com/ZergsLaw/back-template/cmd/user/internal/app/process.go:139.40,141.8 1 0
github.com/ZergsLaw/back-template/cmd/user/internal/app/process.go:143.7,143.14 1 0
github.com/ZergsLaw/back-template/cmd/user/internal/app/process.go:144.25,145.14 1 0
github.com/ZergsLaw/back-template/cmd/user/internal/app/process.go:146.25,146.25 0 0
github.com/ZergsLaw/back-template/cmd/user/internal/app/process.go:152.4,153.25 2 0
github.com/ZergsLaw/back-template/cmd/user/internal/app/process.go:153.25,157.5 2 0
github.com/ZergsLaw/back-template/cmd/user/internal/app/stringer.FileFormat.go:23.37,25.47 2 30
github.com/ZergsLaw/back-template/cmd/user/internal/app/stringer.FileFormat.go:25.47,27.3 1 0
github.com/ZergsLaw/back-template/cmd/user/internal/app/stringer.FileFormat.go:28.2,28.70 1 30
github.com/ZergsLaw/back-template/cmd/user/internal/app/stringer.SolutionStatus.go:20.41,22.55 2 0
github.com/ZergsLaw/back-template/cmd/user/internal/app/stringer.SolutionStatus.go:22.55,24.3 1 0
github.com/ZergsLaw/back-template/cmd/user/internal/app/stringer.SolutionStatus.go:25.2,25.82 1 0
github.com/ZergsLaw/back-template/cmd/user/internal/app/stringer.TaskKind.go:20.35,22.43 2 0
github.com/ZergsLaw/back-template/cmd/user/internal/app/stringer.TaskKind.go:22.43,24.3 1 0
github.com/ZergsLaw/back-template/cmd/user/internal/app/stringer.TaskKind.go:25.2,25.64 1 0
github.com/ZergsLaw/back-template/internal/adapters/session/context.go:12.76,14.2 1 0
github.com/ZergsLaw/back-template/internal/adapters/session/context.go:17.52,19.9 2 0
github.com/ZergsLaw/back-template/internal/adapters/session/context.go:19.9,21.3 1 0
github.com/ZergsLaw/back-template/internal/adapters/session/context.go:23.2,23.10 1 0
github.com/ZergsLaw/back-template/internal/adapters/session/session.go:27.69,32.2 1 6
github.com/ZergsLaw/back-template/internal/adapters/session/session.go:35.124,37.16 2 2
github.com/ZergsLaw/back-template/internal/adapters/session/session.go:37.16,39.3 1 1
github.com/ZergsLaw/back-template/internal/adapters/session/session.go:41.2,41.42 1 1
github.com/ZergsLaw/back-template/internal/adapters/session/session.go:45.79,47.16 2 2
github.com/ZergsLaw/back-template/internal/adapters/session/session.go:47.16,49.3 1 1
github.com/ZergsLaw/back-template/internal/adapters/session/session.go:51.2,55.8 1 1
github.com/ZergsLaw/back-template/internal/adapters/session/session.go:59.73,61.16 2 2
github.com/ZergsLaw/back-template/internal/adapters/session/session.go:61.16,63.3 1 1
github.com/ZergsLaw/back-template/internal/adapters/session/session.go:65.2,65.12 1 1
github.com/ZergsLaw/back-template/internal/dom/event.go:31.13,37.2 1 0
github.com/ZergsLaw/back-template/internal/dom/event.go:39.35,41.2 1 0
github.com/ZergsLaw/back-template/internal/dom/event.go:43.45,44.9 1 0
github.com/ZergsLaw/back-template/internal/dom/event.go:45.20,45.20 0 0
github.com/ZergsLaw/back-template/internal/dom/event.go:46.35,46.35 0 0
github.com/ZergsLaw/back-template/internal/dom/event.go:50.46,51.9 1 0
github.com/ZergsLaw/back-template/internal/dom/event.go:52.20,52.20 0 0
github.com/ZergsLaw/back-template/internal/dom/event.go:53.36,53.36 0 0
github.com/ZergsLaw/back-template/internal/dom/event.go:57.29,59.2 1 0
github.com/ZergsLaw/back-template/internal/dom/stringer.AcknowledgeKind.go:19.42,21.57 2 0
github.com/ZergsLaw/back-template/internal/dom/stringer.AcknowledgeKind.go:21.57,23.3 1 0
github.com/ZergsLaw/back-template/internal/dom/stringer.AcknowledgeKind.go:24.2,24.85 1 0
github.com/ZergsLaw/back-template/internal/dom/stringer.UserStatus.go:23.37,25.47 2 0
github.com/ZergsLaw/back-template/internal/dom/stringer.UserStatus.go:25.47,27.3 1 0
github.com/ZergsLaw/back-template/internal/dom/stringer.UserStatus.go:28.2,28.70 1 0
github.com/ZergsLaw/back-template/internal/dom/user_status.go:23.38,23.70 1 6
github.com/ZergsLaw/back-template/internal/dom/user_status.go:24.38,24.71 1 6
github.com/ZergsLaw/back-template/internal/dom/user_status.go:25.38,25.71 1 6
github.com/ZergsLaw/back-template/internal/dom/user_status.go:26.38,26.71 1 6
github.com/ZergsLaw/back-template/internal/dom/user_status.go:27.38,27.69 1 6
github.com/ZergsLaw/back-template/internal/dom/user_status.go:28.38,28.68 1 6
github.com/ZergsLaw/back-template/internal/dom/user_status.go:30.41,32.2 1 6
github.com/ZergsLaw/back-template/internal/dom/user_status.go:34.38,34.92 1 6
github.com/ZergsLaw/back-template/internal/dom/user_status.go:37.67,38.14 1 0
github.com/ZergsLaw/back-template/internal/dom/user_status.go:39.52,40.26 1 0
github.com/ZergsLaw/back-template/internal/dom/user_status.go:41.53,42.27 1 0
github.com/ZergsLaw/back-template/internal/dom/user_status.go:43.53,44.27 1 0
github.com/ZergsLaw/back-template/internal/dom/user_status.go:45.53,46.27 1 0
github.com/ZergsLaw/back-template/internal/dom/user_status.go:47.51,48.25 1 0
github.com/ZergsLaw/back-template/internal/dom/user_status.go:49.50,50.24 1 0
github.com/ZergsLaw/back-template/internal/dom/user_status.go:51.10,52.47 1 0
github.com/ZergsLaw/back-template/internal/dom/user_status.go:57.67,58.16 1 0
github.com/ZergsLaw/back-template/internal/dom/user_status.go:59.24,60.54 1 0
github.com/ZergsLaw/back-template/internal/dom/user_status.go:61.25,62.55 1 0
github.com/ZergsLaw/back-template/internal/dom/user_status.go:63.25,64.55 1 0
github.com/ZergsLaw/back-template/internal/dom/user_status.go:65.25,66.55 1 0
github.com/ZergsLaw/back-template/internal/dom/user_status.go:67.23,68.53 1 0
github.com/ZergsLaw/back-template/internal/dom/user_status.go:69.22,70.52 1 0
github.com/ZergsLaw/back-template/internal/dom/user_status.go:71.10,72.51 1 0
github.com/ZergsLaw/back-template/internal/password/password.go:20.28,21.33 1 0
github.com/ZergsLaw/back-template/internal/password/password.go:21.33,23.3 1 0
github.com/ZergsLaw/back-template/internal/password/password.go:27.38,30.25 2 1
github.com/ZergsLaw/back-template/internal/password/password.go:30.25,32.3 1 0
github.com/ZergsLaw/back-template/internal/password/password.go:34.2,34.10 1 1
github.com/ZergsLaw/back-template/internal/password/password.go:38.55,40.16 2 1
github.com/ZergsLaw/back-template/internal/password/password.go:40.16,42.3 1 0
github.com/ZergsLaw/back-template/internal/password/password.go:44.2,44.17 1 1
github.com/ZergsLaw/back-template/internal/password/password.go:48.56,50.2 1 1
github.com/ZergsLaw/back-template/cmd/session/internal/adapters/repo/converter.go:19.34,22.9 2 2
github.com/ZergsLaw/back-template/cmd/session/internal/adapters/repo/converter.go:23.37,24.25 1 1
github.com/ZergsLaw/back-template/cmd/session/internal/adapters/repo/converter.go:25.30,26.27 1 1
github.com/ZergsLaw/back-template/cmd/session/internal/adapters/repo/converter.go:27.10,28.13 1 0
github.com/ZergsLaw/back-template/cmd/session/internal/adapters/repo/converter.go:32.40,33.9 1 1
github.com/ZergsLaw/back-template/cmd/session/internal/adapters/repo/converter.go:34.87,35.26 1 1
github.com/ZergsLaw/back-template/cmd/session/internal/adapters/repo/converter.go:36.90,37.26 1 0
github.com/ZergsLaw/back-template/cmd/session/internal/adapters/repo/converter.go:38.10,39.15 1 0
github.com/ZergsLaw/back-template/cmd/session/internal/adapters/repo/repo.go:55.102,65.16 5 1
github.com/ZergsLaw/back-template/cmd/session/internal/adapters/repo/repo.go:65.16,67.3 1 0
github.com/ZergsLaw/back-template/cmd/session/internal/adapters/repo/repo.go:69.2,70.16 2 1
github.com/ZergsLaw/back-template/cmd/session/internal/adapters/repo/repo.go:70.16,72.3 1 0
github.com/ZergsLaw/back-template/cmd/session/internal/adapters/repo/repo.go:74.2,78.16 2 1
github.com/ZergsLaw/back-template/cmd/session/internal/adapters/repo/repo.go:78.16,80.3 1 0
github.com/ZergsLaw/back-template/cmd/session/internal/adapters/repo/repo.go:82.2,84.8 1 1
github.com/ZergsLaw/back-template/cmd/session/internal/adapters/repo/repo.go:88.30,90.2 1 1
github.com/ZergsLaw/back-template/cmd/session/internal/adapters/repo/repo.go:92.38,103.2 1 1
github.com/ZergsLaw/back-template/cmd/session/internal/adapters/repo/repo.go:105.41,120.2 1 2
github.com/ZergsLaw/back-template/cmd/session/internal/adapters/repo/repo.go:122.47,123.14 1 2
github.com/ZergsLaw/back-template/cmd/session/internal/adapters/repo/repo.go:124.37,125.30 1 0
github.com/ZergsLaw/back-template/cmd/session/internal/adapters/repo/repo.go:126.38,127.31 1 2
github.com/ZergsLaw/back-template/cmd/session/internal/adapters/repo/repo.go:128.38,129.31 1 0
github.com/ZergsLaw/back-template/cmd/session/internal/adapters/repo/repo.go:130.38,131.31 1 0
github.com/ZergsLaw/back-template/cmd/session/internal/adapters/repo/repo.go:132.36,133.29 1 0
github.com/ZergsLaw/back-template/cmd/session/internal/adapters/repo/repo.go:134.35,135.28 1 0
github.com/ZergsLaw/back-template/cmd/session/internal/adapters/repo/repo.go:136.10,137.49 1 0
github.com/ZergsLaw/back-template/cmd/session/internal/adapters/repo/repo.go:142.69,143.44 1 1
github.com/ZergsLaw/back-template/cmd/session/internal/adapters/repo/repo.go:143.44,154.17 4 1
github.com/ZergsLaw/back-template/cmd/session/internal/adapters/repo/repo.go:154.17,156.4 1 0
github.com/ZergsLaw/back-template/cmd/session/internal/adapters/repo/repo.go:158.3,158.13 1 1
github.com/ZergsLaw/back-template/cmd/session/internal/adapters/repo/repo.go:163.91,164.43 1 3
github.com/ZergsLaw/back-template/cmd/session/internal/adapters/repo/repo.go:164.43,169.17 4 3
github.com/ZergsLaw/back-template/cmd/session/internal/adapters/repo/repo.go:169.17,171.4 1 1
github.com/ZergsLaw/back-template/cmd/session/internal/adapters/repo/repo.go:173.3,175.13 2 2
github.com/ZergsLaw/back-template/cmd/session/internal/adapters/repo/repo.go:177.2,177.16 1 3
github.com/ZergsLaw/back-template/cmd/session/internal/adapters/repo/repo.go:177.16,179.3 1 1
github.com/ZergsLaw/back-template/cmd/session/internal/adapters/repo/repo.go:181.2,181.15 1 2
github.com/ZergsLaw/back-template/cmd/session/internal/adapters/repo/repo.go:185.71,186.44 1 1
github.com/ZergsLaw/back-template/cmd/session/internal/adapters/repo/repo.go:186.44,193.17 3 1
github.com/ZergsLaw/back-template/cmd/session/internal/adapters/repo/repo.go:193.17,195.4 1 0
github.com/ZergsLaw/back-template/cmd/session/internal/adapters/repo/repo.go:197.3,197.13 1 1
github.com/ZergsLaw/back-template/cmd/session/internal/adapters/repo/repo.go:201.104,202.52 1 2
github.com/ZergsLaw/back-template/cmd/session/internal/adapters/repo/repo.go:202.52,204.17 2 2
github.com/ZergsLaw/back-template/cmd/session/internal/adapters/repo/repo.go:204.17,206.4 1 1
github.com/ZergsLaw/back-template/cmd/session/internal/adapters/repo/repo.go:208.3,211.17 3 1
github.com/ZergsLaw/back-template/cmd/session/internal/adapters/repo/repo.go:211.17,213.4 1 0
github.com/ZergsLaw/back-template/cmd/session/internal/adapters/repo/repo.go:215.3,215.13 1 1
github.com/ZergsLaw/back-template/cmd/session/internal/adapters/repo/repo.go:219.95,223.2 2 2
github.com/ZergsLaw/back-template/cmd/session/main.go:67.13,82.16 12 0
github.com/ZergsLaw/back-template/cmd/session/main.go:82.16,87.3 2 0
github.com/ZergsLaw/back-template/cmd/session/main.go:90.74,93.16 3 0
github.com/ZergsLaw/back-template/cmd/session/main.go:93.16,95.3 1 0
github.com/ZergsLaw/back-template/cmd/session/main.go:97.2,99.36 2 0
github.com/ZergsLaw/back-template/cmd/session/main.go:102.93,111.16 4 1
github.com/ZergsLaw/back-template/cmd/session/main.go:111.16,113.3 1 0
github.com/ZergsLaw/back-template/cmd/session/main.go:114.2,114.15 1 1
github.com/ZergsLaw/back-template/cmd/session/main.go:114.15,116.17 2 1
github.com/ZergsLaw/back-template/cmd/session/main.go:116.17,118.4 1 0
github.com/ZergsLaw/back-template/cmd/session/main.go:121.2,126.16 2 1
github.com/ZergsLaw/back-template/cmd/session/main.go:126.16,128.3 1 0
github.com/ZergsLaw/back-template/cmd/session/main.go:129.2,129.15 1 1
github.com/ZergsLaw/back-template/cmd/session/main.go:129.15,131.17 2 1
github.com/ZergsLaw/back-template/cmd/session/main.go:131.17,133.4 1 0
github.com/ZergsLaw/back-template/cmd/session/main.go:136.2,148.16 5 1
github.com/ZergsLaw/back-template/cmd/session/main.go:148.16,150.3 1 0
github.com/ZergsLaw/back-template/cmd/session/main.go:152.2,152.12 1 1
github.com/ZergsLaw/back-template/cmd/session/main.go:155.49,165.2 1 0
github.com/ZergsLaw/back-template/cmd/session/main.go:172.36,174.2 1 1
github.com/ZergsLaw/back-template/cmd/session/main.go:176.41,185.2 6 0
github.com/ZergsLaw/back-template/cmd/user/internal/adapters/repo/error.go:21.34,24.9 2 4
github.com/ZergsLaw/back-template/cmd/user/internal/adapters/repo/error.go:25.37,26.25 1 2
github.com/ZergsLaw/back-template/cmd/user/internal/adapters/repo/error.go:27.30,28.27 1 2
github.com/ZergsLaw/back-template/cmd/user/internal/adapters/repo/error.go:29.10,30.13 1 0
github.com/ZergsLaw/back-template/cmd/user/internal/adapters/repo/error.go:34.40,35.9 1 2
github.com/ZergsLaw/back-template/cmd/user/internal/adapters/repo/error.go:36.92,37.27 1 1
github.com/ZergsLaw/back-template/cmd/user/internal/adapters/repo/error.go:38.95,39.30 1 1
github.com/ZergsLaw/back-template/cmd/user/internal/adapters/repo/error.go:40.103,41.37 1 0
github.com/ZergsLaw/back-template/cmd/user/internal/adapters/repo/error.go:42.105,43.25 1 0
github.com/ZergsLaw/back-template/cmd/user/internal/adapters/repo/error.go:44.10,45.15 1 0
github.com/ZergsLaw/back-template/cmd/user/internal/adapters/repo/filters.go:21.58,23.41 2 4
github.com/ZergsLaw/back-template/cmd/user/internal/adapters/repo/filters.go:23.41,25.3 1 0
github.com/ZergsLaw/back-template/cmd/user/internal/adapters/repo/filters.go:27.2,34.3 1 4
github.com/ZergsLaw/back-template/cmd/user/internal/adapters/repo/filters.go:37.71,49.16 5 2
github.com/ZergsLaw/back-template/cmd/user/internal/adapters/repo/filters.go:49.16,51.3 1 0
github.com/ZergsLaw/back-template/cmd/user/internal/adapters/repo/filters.go:53.2,53.25 1 2
github.com/ZergsLaw/back-template/cmd/user/internal/adapters/repo/filters.go:56.76,66.16 5 2
github.com/ZergsLaw/back-template/cmd/user/internal/adapters/repo/filters.go:66.16,68.3 1 0
github.com/ZergsLaw/back-template/cmd/user/internal/adapters/repo/filters.go:70.2,70.25 1 2
github.com/ZergsLaw/back-template/cmd/user/internal/adapters/repo/filters.go:73.73,74.26 1 4
github.com/ZergsLaw/back-template/cmd/user/internal/adapters/repo/filters.go:74.26,76.3 1 0
github.com/ZergsLaw/back-template/cmd/user/internal/adapters/repo/filters.go:78.2,78.42 1 4
github.com/ZergsLaw/back-template/cmd/user/internal/adapters/repo/filters.go:78.42,83.3 1 4
github.com/ZergsLaw/back-template/cmd/user/internal/adapters/repo/filters.go:85.2,85.19 1 4
github.com/ZergsLaw/back-template/cmd/user/internal/adapters/repo/filters.go:85.19,87.3 1 0
github.com/ZergsLaw/back-template/cmd/user/internal/adapters/repo/filters.go:89.2,89.32 1 4
github.com/ZergsLaw/back-template/cmd/user/internal/adapters/repo/filters.go:89.32,91.3 1 0
github.com/ZergsLaw/back-template/cmd/user/internal/adapters/repo/filters.go:93.2,93.30 1 4
github.com/ZergsLaw/back-template/cmd/user/internal/adapters/repo/filters.go:93.30,95.3 1 0
github.com/ZergsLaw/back-template/cmd/user/internal/adapters/repo/filters.go:97.2,97.41 1 4
github.com/ZergsLaw/back-template/cmd/user/internal/adapters/repo/model.go:53.32,68.2 1 12
github.com/ZergsLaw/back-template/cmd/user/internal/adapters/repo/model.go:70.35,82.2 1 20
github.com/ZergsLaw/back-template/cmd/user/internal/adapters/repo/model.go:84.48,91.2 1 0
github.com/ZergsLaw/back-template/cmd/user/internal/adapters/repo/model.go:93.43,100.2 1 0
github.com/ZergsLaw/back-template/cmd/user/internal/adapters/repo/model.go:102.45,104.16 2 4
github.com/ZergsLaw/back-template/cmd/user/internal/adapters/repo/model.go:104.16,106.3 1 0
github.com/ZergsLaw/back-template/cmd/user/internal/adapters/repo/model.go:108.2,118.8 1 4
github.com/ZergsLaw/back-template/cmd/user/internal/adapters/repo/model.go:121.44,124.16 3 6
github.com/ZergsLaw/back-template/cmd/user/internal/adapters/repo/model.go:124.16,126.3 1 0
github.com/ZergsLaw/back-template/cmd/user/internal/adapters/repo/model.go:128.2,135.8 1 6
github.com/ZergsLaw/back-template/cmd/user/internal/adapters/repo/model.go:138.43,139.13 1 6
github.com/ZergsLaw/back-template/cmd/user/internal/adapters/repo/model.go:140.37,141.30 1 2
github.com/ZergsLaw/back-template/cmd/user/internal/adapters/repo/model.go:142.37,143.30 1 4
github.com/ZergsLaw/back-template/cmd/user/internal/adapters/repo/model.go:144.40,145.33 1 0
github.com/ZergsLaw/back-template/cmd/user/internal/adapters/repo/model.go:146.10,147.45 1 0
github.com/ZergsLaw/back-template/cmd/user/internal/adapters/repo/model.go:151.81,159.2 1 0
github.com/ZergsLaw/back-template/cmd/user/internal/adapters/repo/model.go:161.66,169.2 1 0
github.com/ZergsLaw/back-template/cmd/user/internal/adapters/repo/model.go:171.50,172.16 1 20
github.com/ZergsLaw/back-template/cmd/user/internal/adapters/repo/model.go:173.37,174.30 1 0
github.com/ZergsLaw/back-template/cmd/user/internal/adapters/repo/model.go:175.38,176.31 1 20
github.com/ZergsLaw/back-template/cmd/user/internal/adapters/repo/model.go:177.38,178.31 1 0
github.com/ZergsLaw/back-template/cmd/user/internal/adapters/repo/model.go:179.38,180.31 1 0
github.com/ZergsLaw/back-template/cmd/user/internal/adapters/repo/model.go:181.36,182.29 1 0
github.com/ZergsLaw/back-template/cmd/user/internal/adapters/repo/model.go:183.35,184.28 1 0
github.com/ZergsLaw/back-template/cmd/user/internal/adapters/repo/model.go:185.10,186.51 1 0
github.com/ZergsLaw/back-template/cmd/user/internal/adapters/repo/model.go:190.60,191.18 1 0
github.com/ZergsLaw/back-template/cmd/user/internal/adapters/repo/model.go:192.38,193.31 1 0
github.com/ZergsLaw/back-template/cmd/user/internal/adapters/repo/model.go:194.42,195.35 1 0
github.com/ZergsLaw/back-template/cmd/user/internal/adapters/repo/model.go:196.41,197.34 1 0
github.com/ZergsLaw/back-template/cmd/user/internal/adapters/repo/model.go:198.10,199.53 1 0
github.com/ZergsLaw/back-template/cmd/user/internal/adapters/repo/repo.go:37.102,49.16 5 2
github.com/ZergsLaw/back-template/cmd/user/internal/adapters/repo/repo.go:49.16,51.3 1 0
github.com/ZergsLaw/back-template/cmd/user/internal/adapters/repo/repo.go:53.2,54.16 2 2
github.com/ZergsLaw/back-template/cmd/user/internal/adapters/repo/repo.go:54.16,56.3 1 0
github.com/ZergsLaw/back-template/cmd/user/internal/adapters/repo/repo.go:58.2,62.16 2 2
github.com/ZergsLaw/back-template/cmd/user/internal/adapters/repo/repo.go:62.16,64.3 1 0
github.com/ZergsLaw/back-template/cmd/user/internal/adapters/repo/repo.go:66.2,68.8 1 2
github.com/ZergsLaw/back-template/cmd/user/internal/adapters/repo/repo.go:72.30,74.2 1 2
github.com/ZergsLaw/back-template/cmd/user/internal/adapters/repo/repo.go:77.80,78.43 1 4
github.com/ZergsLaw/back-template/cmd/user/internal/adapters/repo/repo.go:78.43,90.17 4 4
github.com/ZergsLaw/back-template/cmd/user/internal/adapters/repo/repo.go:90.17,92.4 1 2
github.com/ZergsLaw/back-template/cmd/user/internal/adapters/repo/repo.go:94.3,94.13 1 2
github.com/ZergsLaw/back-template/cmd/user/internal/adapters/repo/repo.go:96.2,96.16 1 4
github.com/ZergsLaw/back-template/cmd/user/internal/adapters/repo/repo.go:96.16,98.3 1 2
github.com/ZergsLaw/back-template/cmd/user/internal/adapters/repo/repo.go:100.2,100.16 1 2
github.com/ZergsLaw/back-template/cmd/user/internal/adapters/repo/repo.go:104.86,105.43 1 1
github.com/ZergsLaw/back-template/cmd/user/internal/adapters/repo/repo.go:105.43,123.17 5 1
github.com/ZergsLaw/back-template/cmd/user/internal/adapters/repo/repo.go:123.17,125.4 1 0
github.com/ZergsLaw/back-template/cmd/user/internal/adapters/repo/repo.go:127.3,129.13 2 1
github.com/ZergsLaw/back-template/cmd/user/internal/adapters/repo/repo.go:131.2,131.16 1 1
github.com/ZergsLaw/back-template/cmd/user/internal/adapters/repo/repo.go:131.16,133.3 1 0
github.com/ZergsLaw/back-template/cmd/user/internal/adapters/repo/repo.go:135.2,135.20 1 1
github.com/ZergsLaw/back-template/cmd/user/internal/adapters/repo/repo.go:139.64,140.44 1 1
github.com/ZergsLaw/back-template/cmd/user/internal/adapters/repo/repo.go:140.44,147.17 3 1
github.com/ZergsLaw/back-template/cmd/user/internal/adapters/repo/repo.go:147.17,149.4 1 0
github.com/ZergsLaw/back-template/cmd/user/internal/adapters/repo/repo.go:151.3,151.13 1 1
github.com/ZergsLaw/back-template/cmd/user/internal/adapters/repo/repo.go:156.81,157.43 1 2
github.com/ZergsLaw/back-template/cmd/user/internal/adapters/repo/repo.go:157.43,162.17 4 2
github.com/ZergsLaw/back-template/cmd/user/internal/adapters/repo/repo.go:162.17,164.4 1 1
github.com/ZergsLaw/back-template/cmd/user/internal/adapters/repo/repo.go:166.3,168.13 2 1
github.com/ZergsLaw/back-template/cmd/user/internal/adapters/repo/repo.go:170.2,170.16 1 2
github.com/ZergsLaw/back-template/cmd/user/internal/adapters/repo/repo.go:170.16,172.3 1 1
github.com/ZergsLaw/back-template/cmd/user/internal/adapters/repo/repo.go:174.2,174.15 1 1
github.com/ZergsLaw/back-template/cmd/user/internal/adapters/repo/repo.go:178.84,179.43 1 1
github.com/ZergsLaw/back-template/cmd/user/internal/adapters/repo/repo.go:179.43,184.17 4 1
github.com/ZergsLaw/back-template/cmd/user/internal/adapters/repo/repo.go:184.17,186.4 1 0
github.com/ZergsLaw/back-template/cmd/user/internal/adapters/repo/repo.go:188.3,190.13 2 1
github.com/ZergsLaw/back-template/cmd/user/internal/adapters/repo/repo.go:192.2,192.16 1 1
github.com/ZergsLaw/back-template/cmd/user/internal/adapters/repo/repo.go:192.16,194.3 1 0
github.com/ZergsLaw/back-template/cmd/user/internal/adapters/repo/repo.go:196.2,196.15 1 1
github.com/ZergsLaw/back-template/cmd/user/internal/adapters/repo/repo.go:200.90,201.43 1 1
github.com/ZergsLaw/back-template/cmd/user/internal/adapters/repo/repo.go:201.43,206.17 4 1
github.com/ZergsLaw/back-template/cmd/user/internal/adapters/repo/repo.go:206.17,208.4 1 0
github.com/ZergsLaw/back-template/cmd/user/internal/adapters/repo/repo.go:210.3,212.13 2 1
github.com/ZergsLaw/back-template/cmd/user/internal/adapters/repo/repo.go:214.2,214.16 1 1
github.com/ZergsLaw/back-template/cmd/user/internal/adapters/repo/repo.go:214.16,216.3 1 0
github.com/ZergsLaw/back-template/cmd/user/internal/adapters/repo/repo.go:218.2,218.15 1 1
github.com/ZergsLaw/back-template/cmd/user/internal/adapters/repo/repo.go:222.115,223.43 1 1
github.com/ZergsLaw/back-template/cmd/user/internal/adapters/repo/repo.go:223.43,225.17 2 1
github.com/ZergsLaw/back-template/cmd/user/internal/adapters/repo/repo.go:225.17,227.4 1 0
github.com/ZergsLaw/back-template/cmd/user/internal/adapters/repo/repo.go:229.3,231.17 3 1
github.com/ZergsLaw/back-template/cmd/user/internal/adapters/repo/repo.go:231.17,233.4 1 0
github.com/ZergsLaw/back-template/cmd/user/internal/adapters/repo/repo.go:235.3,235.20 1 1
github.com/ZergsLaw/back-template/cmd/user/internal/adapters/repo/repo.go:235.20,237.4 1 0
github.com/ZergsLaw/back-template/cmd/user/internal/adapters/repo/repo.go:239.3,240.17 2 1
github.com/ZergsLaw/back-template/cmd/user/internal/adapters/repo/repo.go:240.17,242.4 1 0
github.com/ZergsLaw/back-template/cmd/user/internal/adapters/repo/repo.go:244.3,245.10 2 1
github.com/ZergsLaw/back-template/cmd/user/internal/adapters/repo/repo.go:246.38,246.38 0 0
github.com/ZergsLaw/back-template/cmd/user/internal/adapters/repo/repo.go:247.19,248.47 1 0
github.com/ZergsLaw/back-template/cmd/user/internal/adapters/repo/repo.go:251.3,252.22 2 1
github.com/ZergsLaw/back-template/cmd/user/internal/adapters/repo/repo.go:252.22,254.4 1 1
github.com/ZergsLaw/back-template/cmd/user/internal/adapters/repo/repo.go:256.3,256.13 1 1
github.com/ZergsLaw/back-template/cmd/user/internal/adapters/repo/repo.go:258.2,258.16 1 1
github.com/ZergsLaw/back-template/cmd/user/internal/adapters/repo/repo.go:258.16,260.3 1 0
github.com/ZergsLaw/back-template/cmd/user/internal/adapters/repo/repo.go:262.2,262.26 1 1
github.com/ZergsLaw/back-template/cmd/user/internal/adapters/repo/repo.go:266.85,267.44 1 0
github.com/ZergsLaw/back-template/cmd/user/internal/adapters/repo/repo.go:267.44,278.17 4 0
github.com/ZergsLaw/back-template/cmd/user/internal/adapters/repo/repo.go:278.17,280.4 1 0
github.com/ZergsLaw/back-template/cmd/user/internal/adapters/repo/repo.go:282.3,282.13 1 0
github.com/ZergsLaw/back-template/cmd/user/internal/adapters/repo/repo.go:287.84,288.44 1 0
github.com/ZergsLaw/back-template/cmd/user/internal/adapters/repo/repo.go:288.44,296.17 3 0
github.com/ZergsLaw/back-template/cmd/user/internal/adapters/repo/repo.go:296.17,298.4 1 0
github.com/ZergsLaw/back-template/cmd/user/internal/adapters/repo/repo.go:300.3,300.13 1 0
github.com/ZergsLaw/back-template/cmd/user/internal/adapters/repo/repo.go:305.98,306.43 1 0
github.com/ZergsLaw/back-template/cmd/user/internal/adapters/repo/repo.go:306.43,311.17 4 0
github.com/ZergsLaw/back-template/cmd/user/internal/adapters/repo/repo.go:311.17,313.4 1 0
github.com/ZergsLaw/back-template/cmd/user/internal/adapters/repo/repo.go:315.3,317.13 2 0
github.com/ZergsLaw/back-template/cmd/user/internal/adapters/repo/repo.go:319.2,319.16 1 0
github.com/ZergsLaw/back-template/cmd/user/internal/adapters/repo/repo.go:319.16,321.3 1 0
github.com/ZergsLaw/back-template/cmd/user/internal/adapters/repo/repo.go:323.2,323.15 1 0
github.com/ZergsLaw/back-template/cmd/user/internal/adapters/repo/repo.go:327.116,328.43 1 0
github.com/ZergsLaw/back-template/cmd/user/internal/adapters/repo/repo.go:328.43,333.17 4 0
github.com/ZergsLaw/back-template/cmd/user/internal/adapters/repo/repo.go:333.17,335.4 1 0
github.com/ZergsLaw/back-template/cmd/user/internal/adapters/repo/repo.go:337.3,338.22 2 0
github.com/ZergsLaw/back-template/cmd/user/internal/adapters/repo/repo.go:338.22,340.4 1 0
github.com/ZergsLaw/back-template/cmd/user/internal/adapters/repo/repo.go:342.3,342.13 1 0
github.com/ZergsLaw/back-template/cmd/user/internal/adapters/repo/repo.go:344.2,344.16 1 0
github.com/ZergsLaw/back-template/cmd/user/internal/adapters/repo/repo.go:344.16,346.3 1 0
github.com/ZergsLaw/back-template/cmd/user/internal/adapters/repo/repo.go:348.2,348.25 1 0
github.com/ZergsLaw/back-template/cmd/user/internal/adapters/repo/repo.go:352.95,353.43 1 0
github.com/ZergsLaw/back-template/cmd/user/internal/adapters/repo/repo.go:353.43,357.17 3 0
github.com/ZergsLaw/back-template/cmd/user/internal/adapters/repo/repo.go:357.17,359.4 1 0
github.com/ZergsLaw/back-template/cmd/user/internal/adapters/repo/repo.go:361.3,361.13 1 0
github.com/ZergsLaw/back-template/cmd/user/internal/adapters/repo/repo.go:363.2,363.16 1 0
github.com/ZergsLaw/back-template/cmd/user/internal/adapters/repo/repo.go:363.16,365.3 1 0
github.com/ZergsLaw/back-template/cmd/user/internal/adapters/repo/repo.go:367.2,367.19 1 0
github.com/ZergsLaw/back-template/cmd/user/internal/adapters/repo/repo.go:371.87,372.43 1 2
github.com/ZergsLaw/back-template/cmd/user/internal/adapters/repo/repo.go:372.43,374.17 2 2
github.com/ZergsLaw/back-template/cmd/user/internal/adapters/repo/repo.go:374.17,376.4 1 0
github.com/ZergsLaw/back-template/cmd/user/internal/adapters/repo/repo.go:378.3,388.17 3 2
github.com/ZergsLaw/back-template/cmd/user/internal/adapters/repo/repo.go:388.17,390.4 1 0
github.com/ZergsLaw/back-template/cmd/user/internal/adapters/repo/repo.go:392.3,392.13 1 2
github.com/ZergsLaw/back-template/cmd/user/internal/adapters/repo/repo.go:394.2,394.16 1 2
github.com/ZergsLaw/back-template/cmd/user/internal/adapters/repo/repo.go:394.16,396.3 1 0
github.com/ZergsLaw/back-template/cmd/user/internal/adapters/repo/repo.go:398.2,398.16 1 2
github.com/ZergsLaw/back-template/cmd/user/internal/adapters/repo/repo.go:402.68,403.44 1 2
github.com/ZergsLaw/back-template/cmd/user/internal/adapters/repo/repo.go:403.44,411.17 3 2
github.com/ZergsLaw/back-template/cmd/user/internal/adapters/repo/repo.go:411.17,413.4 1 0
github.com/ZergsLaw/back-template/cmd/user/internal/adapters/repo/repo.go:415.3,415.13 1 2
github.com/ZergsLaw/back-template/cmd/user/internal/adapters/repo/repo.go:420.93,421.43 1 2
github.com/ZergsLaw/back-template/cmd/user/internal/adapters/repo/repo.go:421.43,426.17 4 2
github.com/ZergsLaw/back-template/cmd/user/internal/adapters/repo/repo.go:426.17,428.4 1 0
github.com/ZergsLaw/back-template/cmd/user/internal/adapters/repo/repo.go:430.3,431.22 2 2
github.com/ZergsLaw/back-template/cmd/user/internal/adapters/repo/repo.go:431.22,433.18 2 3
github.com/ZergsLaw/back-template/cmd/user/internal/adapters/repo/repo.go:433.18,435.5 1 0
github.com/ZergsLaw/back-template/cmd/user/internal/adapters/repo/repo.go:437.4,437.17 1 3
github.com/ZergsLaw/back-template/cmd/user/internal/adapters/repo/repo.go:440.3,440.13 1 2
github.com/ZergsLaw/back-template/cmd/user/internal/adapters/repo/repo.go:442.2,442.16 1 2
github.com/ZergsLaw/back-template/cmd/user/internal/adapters/repo/repo.go:442.16,444.3 1 0
github.com/ZergsLaw/back-template/cmd/user/internal/adapters/repo/repo.go:446.2,446.19 1 2
github.com/ZergsLaw/back-template/cmd/user/internal/adapters/repo/repo.go:449.95,450.43 1 2
github.com/ZergsLaw/back-template/cmd/user/internal/adapters/repo/repo.go:450.43,456.17 4 2
github.com/ZergsLaw/back-template/cmd/user/internal/adapters/repo/repo.go:456.17,458.4 1 0
github.com/ZergsLaw/back-template/cmd/user/internal/adapters/repo/repo.go:460.3,461.22 2 2
github.com/ZergsLaw/back-template/cmd/user/internal/adapters/repo/repo.go:461.22,463.4 1 2
github.com/ZergsLaw/back-template/cmd/user/internal/adapters/repo/repo.go:465.3,465.13 1 2
github.com/ZergsLaw/back-template/cmd/user/internal/adapters/repo/repo.go:467.2,467.16 1 2
github.com/ZergsLaw/back-template/cmd/user/internal/adapters/repo/repo.go:467.16,469.3 1 0
github.com/ZergsLaw/back-template/cmd/user/internal/adapters/repo/repo.go:471.2,471.19 1 2
github.com/ZergsLaw/back-template/cmd/user/internal/adapters/repo/repo.go:475.70,481.52 2 4
github.com/ZergsLaw/back-template/cmd/user/internal/adapters/repo/repo.go:481.52,483.3 1 4
github.com/ZergsLaw/back-template/cmd/user/internal/adapters/repo/tx.go:21.82,33.16 4 2
github.com/ZergsLaw/back-template/cmd/user/internal/adapters/repo/tx.go:33.16,35.3 1 0
github.com/ZergsLaw/back-template/cmd/user/internal/adapters/repo/tx.go:37.2,37.16 1 2
github.com/ZergsLaw/back-template/cmd/user/internal/adapters/repo/tx.go:41.88,59.16 5 1
github.com/ZergsLaw/back-template/cmd/user/internal/adapters/repo/tx.go:59.16,61.3 1 0
github.com/ZergsLaw/back-template/cmd/user/internal/adapters/repo/tx.go:63.2,65.20 2 1
github.com/ZergsLaw/back-template/cmd/user/internal/adapters/repo/tx.go:69.66,73.16 3 1
github.com/ZergsLaw/back-template/cmd/user/internal/adapters/repo/tx.go:73.16,75.3 1 0
github.com/ZergsLaw/back-template/cmd/user/internal/adapters/repo/tx.go:77.2,77.12 1 1
github.com/ZergsLaw/back-template/cmd/user/internal/adapters/repo/tx.go:81.83,86.16 4 2
github.com/ZergsLaw/back-template/cmd/user/internal/adapters/repo/tx.go:86.16,88.3 1 1
github.com/ZergsLaw/back-template/cmd/user/internal/adapters/repo/tx.go:90.2,90.27 1 1
github.com/ZergsLaw/back-template/cmd/user/internal/adapters/repo/tx.go:94.86,99.16 4 1
github.com/ZergsLaw/back-template/cmd/user/internal/adapters/repo/tx.go:99.16,101.3 1 0
github.com/ZergsLaw/back-template/cmd/user/internal/adapters/repo/tx.go:103.2,103.27 1 1
github.com/ZergsLaw/back-template/cmd/user/internal/adapters/repo/tx.go:107.92,112.16 4 1
github.com/ZergsLaw/back-template/cmd/user/internal/adapters/repo/tx.go:112.16,114.3 1 0
github.com/ZergsLaw/back-template/cmd/user/internal/adapters/repo/tx.go:116.2,118.15 2 1
github.com/ZergsLaw/back-template/cmd/user/internal/adapters/repo/tx.go:122.117,124.16 2 1
github.com/ZergsLaw/back-template/cmd/user/internal/adapters/repo/tx.go:124.16,126.3 1 0
github.com/ZergsLaw/back-template/cmd/user/internal/adapters/repo/tx.go:128.2,130.16 3 1
github.com/ZergsLaw/back-template/cmd/user/internal/adapters/repo/tx.go:130.16,132.3 1 0
github.com/ZergsLaw/back-template/cmd/user/internal/adapters/repo/tx.go:134.2,135.16 2 1
github.com/ZergsLaw/back-template/cmd/user/internal/adapters/repo/tx.go:135.16,137.3 1 0
github.com/ZergsLaw/back-template/cmd/user/internal/adapters/repo/tx.go:139.2,140.16 2 1
github.com/ZergsLaw/back-template/cmd/user/internal/adapters/repo/tx.go:140.16,142.3 1 0
github.com/ZergsLaw/back-template/cmd/user/internal/adapters/repo/tx.go:144.2,145.21 2 1
github.com/ZergsLaw/back-template/cmd/user/internal/adapters/repo/tx.go:145.21,147.3 1 1
github.com/ZergsLaw/back-template/cmd/user/internal/adapters/repo/tx.go:149.2,149.26 1 1
github.com/ZergsLaw/back-template/cmd/user/internal/adapters/repo/tx.go:153.87,158.16 4 0
github.com/ZergsLaw/back-template/cmd/user/internal/adapters/repo/tx.go:158.16,160.3 1 0
github.com/ZergsLaw/back-template/cmd/user/internal/adapters/repo/tx.go:162.2,162.12 1 0
github.com/ZergsLaw/back-template/cmd/user/internal/adapters/repo/tx.go:166.86,170.16 3 0
github.com/ZergsLaw/back-template/cmd/user/internal/adapters/repo/tx.go:170.16,172.3 1 0
github.com/ZergsLaw/back-template/cmd/user/internal/adapters/repo/tx.go:174.2,174.12 1 0
github.com/ZergsLaw/back-template/cmd/user/internal/adapters/repo/tx.go:178.100,183.16 4 0
github.com/ZergsLaw/back-template/cmd/user/internal/adapters/repo/tx.go:183.16,185.3 1 0
github.com/ZergsLaw/back-template/cmd/user/internal/adapters/repo/tx.go:187.2,189.15 2 0
github.com/ZergsLaw/back-template/cmd/user/internal/adapters/repo/tx.go:193.118,198.16 4 0
github.com/ZergsLaw/back-template/cmd/user/internal/adapters/repo/tx.go:198.16,200.3 1 0
github.com/ZergsLaw/back-template/cmd/user/internal/adapters/repo/tx.go:202.2,203.21 2 0
github.com/ZergsLaw/back-template/cmd/user/internal/adapters/repo/tx.go:203.21,205.3 1 0
github.com/ZergsLaw/back-template/cmd/user/internal/adapters/repo/tx.go:207.2,207.25 1 0
github.com/ZergsLaw/back-template/cmd/user/internal/adapters/repo/tx.go:211.97,215.16 3 0
github.com/ZergsLaw/back-template/cmd/user/internal/adapters/repo/tx.go:215.16,217.3 1 0
github.com/ZergsLaw/back-template/cmd/user/internal/adapters/repo/tx.go:219.2,219.19 1 0
github.com/ZergsLaw/back-template/cmd/user/internal/adapters/repo/tx.go:223.91,227.16 3 0
github.com/ZergsLaw/back-template/cmd/user/internal/adapters/repo/tx.go:227.16,229.3 1 0
github.com/ZergsLaw/back-template/cmd/user/internal/adapters/repo/tx.go:231.2,231.12 1 0
github.com/ZergsLaw/back-template/cmd/user/internal/adapters/repo/tx.go:235.89,237.16 2 2
github.com/ZergsLaw/back-template/cmd/user/internal/adapters/repo/tx.go:237.16,239.3 1 0
github.com/ZergsLaw/back-template/cmd/user/internal/adapters/repo/tx.go:241.2,251.16 3 2
github.com/ZergsLaw/back-template/cmd/user/internal/adapters/repo/tx.go:251.16,253.3 1 0
github.com/ZergsLaw/back-template/cmd/user/internal/adapters/repo/tx.go:255.2,255.16 1 2
github.com/ZergsLaw/back-template/cmd/user/internal/adapters/repo/tx.go:259.70,267.16 3 2
github.com/ZergsLaw/back-template/cmd/user/internal/adapters/repo/tx.go:267.16,269.3 1 0
github.com/ZergsLaw/back-template/cmd/user/internal/adapters/repo/tx.go:271.2,271.12 1 2
github.com/ZergsLaw/back-template/cmd/user/internal/adapters/repo/tx.go:275.85,280.16 4 2
github.com/ZergsLaw/back-template/cmd/user/internal/adapters/repo/tx.go:280.16,282.3 1 0
github.com/ZergsLaw/back-template/cmd/user/internal/adapters/repo/tx.go:284.2,285.21 2 2
github.com/ZergsLaw/back-template/cmd/user/internal/adapters/repo/tx.go:285.21,287.17 2 3
github.com/ZergsLaw/back-template/cmd/user/internal/adapters/repo/tx.go:287.17,289.4 1 0
github.com/ZergsLaw/back-template/cmd/user/internal/adapters/repo/tx.go:291.3,291.16 1 3
github.com/ZergsLaw/back-template/cmd/user/internal/adapters/repo/tx.go:294.2,294.19 1 2
github.com/ZergsLaw/back-template/cmd/user/internal/adapters/repo/tx.go:298.122,303.16 4 0
github.com/ZergsLaw/back-template/cmd/user/internal/adapters/repo/tx.go:303.16,305.3 1 0
github.com/ZergsLaw/back-template/cmd/user/internal/adapters/repo/tx.go:307.2,307.16 1 0
github.com/ZergsLaw/back-template/cmd/user/internal/adapters/repo/tx.go:312.62,317.16 4 0
github.com/ZergsLaw/back-template/cmd/user/internal/adapters/repo/tx.go:317.16,319.3 1 0
github.com/ZergsLaw/back-template/cmd/user/internal/adapters/repo/tx.go:321.2,321.19 1 0
github.com/ZergsLaw/back-template/cmd/user/internal/adapters/repo/tx.go:321.19,323.3 1 0
github.com/ZergsLaw/back-template/cmd/user/internal/adapters/repo/tx.go:325.2,327.16 3 0
github.com/ZergsLaw/back-template/cmd/user/internal/adapters/repo/tx.go:327.16,329.3 1 0
github.com/ZergsLaw/back-template/cmd/user/internal/adapters/repo/tx.go:331.2,332.21 2 0
github.com/ZergsLaw/back-template/cmd/user/internal/adapters/repo/tx.go:332.21,334.3 1 0
github.com/ZergsLaw/back-template/cmd/user/internal/adapters/repo/tx.go:336.2,336.29 1 0
github.com/ZergsLaw/back-template/cmd/user/internal/adapters/repo/tx.go:340.132,349.16 4 0
github.com/ZergsLaw/back-template/cmd/user/internal/adapters/repo/tx.go:349.16,351.3 1 0
github.com/ZergsLaw/back-template/cmd/user/internal/adapters/repo/tx.go:353.2,353.27 1 0
github.com/ZergsLaw/back-template/cmd/user/internal/adapters/repo/tx.go:357.122,362.16 4 0
github.com/ZergsLaw/back-template/cmd/user/internal/adapters/repo/tx.go:362.16,364.3 1 0
github.com/ZergsLaw/back-template/cmd/user/internal/adapters/repo/tx.go:366.2,366.27 1 0
github.com/ZergsLaw/back-template/cmd/user/internal/adapters/repo/tx.go:370.97,376.16 4 2
github.com/ZergsLaw/back-template/cmd/user/internal/adapters/repo/tx.go:376.16,378.3 1 0
github.com/ZergsLaw/back-template/cmd/user/internal/adapters/repo/tx.go:380.2,381.21 2 2
github.com/ZergsLaw/back-template/cmd/user/internal/adapters/repo/tx.go:381.21,383.3 1 2
github.com/ZergsLaw/back-template/cmd/user/internal/adapters/repo/tx.go:385.2,385.19 1 2
github.com/ZergsLaw/back-template/cmd/user/internal/adapters/repo/tx.go:389.68,390.65 1 0
github.com/ZergsLaw/back-template/cmd/user/main.go:88.13,103.16 12 0
github.com/ZergsLaw/back-template/cmd/user/main.go:103.16,108.3 2 0
github.com/ZergsLaw/back-template/cmd/user/main.go:111.74,114.16 3 0
github.com/ZergsLaw/back-template/cmd/user/main.go:114.16,116.3 1 0
github.com/ZergsLaw/back-template/cmd/user/main.go:118.2,120.36 2 0
github.com/ZergsLaw/back-template/cmd/user/main.go:123.93,132.16 4 1
github.com/ZergsLaw/back-template/cmd/user/main.go:132.16,134.3 1 0
github.com/ZergsLaw/back-template/cmd/user/main.go:135.2,135.15 1 1
github.com/ZergsLaw/back-template/cmd/user/main.go:135.15,137.17 2 1
github.com/ZergsLaw/back-template/cmd/user/main.go:137.17,139.4 1 0
github.com/ZergsLaw/back-template/cmd/user/main.go:142.2,150.16 2 1
github.com/ZergsLaw/back-template/cmd/user/main.go:150.16,152.3 1 0
github.com/ZergsLaw/back-template/cmd/user/main.go:154.2,155.16 2 1
github.com/ZergsLaw/back-template/cmd/user/main.go:155.16,157.3 1 0
github.com/ZergsLaw/back-template/cmd/user/main.go:158.2,165.16 3 1
github.com/ZergsLaw/back-template/cmd/user/main.go:165.16,167.3 1 0
github.com/ZergsLaw/back-template/cmd/user/main.go:168.2,168.15 1 1
github.com/ZergsLaw/back-template/cmd/user/main.go:168.15,170.17 2 1
github.com/ZergsLaw/back-template/cmd/user/main.go:170.17,172.4 1 0
github.com/ZergsLaw/back-template/cmd/user/main.go:175.2,203.3 6 1
github.com/ZergsLaw/back-template/cmd/user/main.go:206.49,216.2 1 0
github.com/ZergsLaw/back-template/cmd/user/main.go:218.41,227.2 6 0
github.com/ZergsLaw/back-template/cmd/user/main.go:229.34,230.9 1 0
github.com/ZergsLaw/back-template/cmd/user/main.go:231.50,232.25 1 0
github.com/ZergsLaw/back-template/cmd/user/main.go:233.57,234.32 1 0
github.com/ZergsLaw/back-template/cmd/user/main.go:235.10,236.13 1 0
